删除非法 emote 项: la 类型: "array"
删除非法 emote 项: inn4 类型: "array"
删除非法 emote 项: redlamp4 类型: "array"
删除非法 emote 项: inn3 类型: "array"
删除非法 emote 项: redlamp3 类型: "array"
删除非法 emote 项: inn2 类型: "array"
删除非法 emote 项: redlamp2 类型: "array"
删除非法 emote 项: redlamp1 类型: "array"
删除非法 emote 项: papa 类型: "array"
删除非法 emote 项: nonsense 类型: "array"
删除非法 emote 项: bad1 类型: "array"
删除非法 emote 项: hero2 类型: "array"
删除非法 emote 项: taunt 类型: "array"
删除非法 emote 项: baby 类型: "array"
删除非法 emote 项: rouma 类型: "array"
删除非法 emote 项: watermelon 类型: "array"
删除非法 emote 项: lala 类型: "array"
删除非法 emote 项: fat 类型: "array"
删除非法 emote 项: faq 类型: "array"
删除非法 emote 项: rose2 类型: "array"
删除非法 emote 项: kickbye 类型: "array"
删除非法 emote 项: kkkil 类型: "array"
删除非法 emote 项: car 类型: "array"
删除非法 emote 项: glad 类型: "array"
删除非法 emote 项: eat2 类型: "array"
删除非法 emote 项: eat1 类型: "array"
删除非法 emote 项: notgood 类型: "array"
删除非法 emote 项: mazi 类型: "array"
删除非法 emote 项: joythank1 类型: "array"
删除非法 emote 项: ke 类型: "array"
删除非法 emote 项: hkiss 类型: "array"
删除非法 emote 项: nosay 类型: "array"
删除非法 emote 项: humble 类型: "array"
删除非法 emote 项: qia 类型: "array"
删除非法 emote 项: toolag 类型: "array"
删除非法 emote 项: nocry2 类型: "array"
删除非法 emote 项: lean 类型: "array"
删除非法 emote 项: cry4 类型: "array"
删除非法 emote 项: cry3 类型: "array"
删除非法 emote 项: cry2 类型: "array"
删除非法 emote 项: lure 类型: "array"
删除非法 emote 项: cry1 类型: "array"
删除非法 emote 项: pain3 类型: "array"
删除非法 emote 项: spank1 类型: "array"
删除非法 emote 项: jm 类型: "array"
删除非法 emote 项: marry2 类型: "array"
删除非法 emote 项: guazi 类型: "array"
删除非法 emote 项: marry1 类型: "array"
删除非法 emote 项: jj 类型: "array"
删除非法 emote 项: nopretend 类型: "array"
删除非法 emote 项: jf 类型: "array"
删除非法 emote 项: nali 类型: "array"
删除非法 emote 项: flirt 类型: "array"
删除非法 emote 项: dance1 类型: "array"
删除非法 emote 项: hello 类型: "array"
删除非法 emote 项: handsome2 类型: "array"
删除非法 emote 项: disapp 类型: "array"
删除非法 emote 项: xfiles10 类型: "array"
删除非法 emote 项: qi1 类型: "array"
删除非法 emote 项: fear2 类型: "array"
删除非法 emote 项: nose 类型: "array"
删除非法 emote 项: you 类型: "array"
删除非法 emote 项: callname 类型: "array"
删除非法 emote 项: yehua 类型: "array"
删除非法 emote 项: blook 类型: "array"
删除非法 emote 项: praise1 类型: "array"
删除非法 emote 项: blood 类型: "array"
删除非法 emote 项: notooth 类型: "array"
删除非法 emote 项: smell 类型: "array"
删除非法 emote 项: leader 类型: "array"
删除非法 emote 项: kickfly 类型: "array"
删除非法 emote 项: killwiz2 类型: "array"
删除非法 emote 项: rascal1 类型: "array"
删除非法 emote 项: benger 类型: "array"
删除非法 emote 项: break1 类型: "array"
删除非法 emote 项: colorlook 类型: "array"
删除非法 emote 项: noshoes 类型: "array"
删除非法 emote 项: egg 类型: "array"
删除非法 emote 项: wen 类型: "array"
删除非法 emote 项: goodkid1 类型: "array"
删除非法 emote 项: stupid 类型: "array"
删除非法 emote 项: goodman 类型: "array"
删除非法 emote 项: slogan3 类型: "array"
删除非法 emote 项: slogan2 类型: "array"
删除非法 emote 项: horse 类型: "array"
删除非法 emote 项: full2 类型: "array"
删除非法 emote 项: coffee 类型: "array"
删除非法 emote 项: bug1 类型: "array"
删除非法 emote 项: dugu 类型: "array"
删除非法 emote 项: chitchat 类型: "array"
删除非法 emote 项: jing 类型: "array"
删除非法 emote 项: timid 类型: "array"
删除非法 emote 项: club 类型: "array"
删除非法 emote 项: 555 类型: "array"
删除非法 emote 项: gg 类型: "array"
删除非法 emote 项: jianjia 类型: "array"
删除非法 emote 项: qifu 类型: "array"
删除非法 emote 项: sing7 类型: "array"
删除非法 emote 项: piggy 类型: "array"
删除非法 emote 项: poke1 类型: "array"
删除非法 emote 项: leyi 类型: "array"
删除非法 emote 项: football 类型: "array"
删除非法 emote 项: sing6 类型: "array"
删除非法 emote 项: smash2 类型: "array"
删除非法 emote 项: sing5 类型: "array"
删除非法 emote 项: sing4 类型: "array"
删除非法 emote 项: marryme 类型: "array"
删除非法 emote 项: sing3 类型: "array"
删除非法 emote 项: wait2 类型: "array"
删除非法 emote 项: sing1 类型: "array"
删除非法 emote 项: modem 类型: "array"
删除非法 emote 项: qnod 类型: "array"
删除非法 emote 项: dog 类型: "array"
删除非法 emote 项: standup 类型: "array"
删除非法 emote 项: slapme 类型: "array"
删除非法 emote 项: washf 类型: "array"
删除非法 emote 项: tang 类型: "array"
删除非法 emote 项: happy1 类型: "array"
删除非法 emote 项: handsome 类型: "array"
删除非法 emote 项: smash 类型: "array"
删除非法 emote 项: cut1 类型: "array"
删除非法 emote 项: stop 类型: "array"
删除非法 emote 项: true 类型: "array"
删除非法 emote 项: accuse 类型: "array"
删除非法 emote 项: peace 类型: "array"
删除非法 emote 项: board1 类型: "array"
删除非法 emote 项: lag1 类型: "array"
删除非法 emote 项: en 类型: "array"
删除非法 emote 项: bite2 类型: "array"
删除非法 emote 项: sf10 类型: "array"
删除非法 emote 项: dog1 类型: "array"
删除非法 emote 项: stomachache 类型: "array"
删除非法 emote 项: bnews 类型: "array"
删除非法 emote 项: feed2 类型: "array"
删除非法 emote 项: joke 类型: "array"
删除非法 emote 项: 18mo 类型: "array"
删除非法 emote 项: tigermount4 类型: "array"
删除非法 emote 项: story 类型: "array"
删除非法 emote 项: tigermount3 类型: "array"
删除非法 emote 项: black 类型: "array"
删除非法 emote 项: tigermount2 类型: "array"
删除非法 emote 项: huang 类型: "array"
删除非法 emote 项: tigermount1 类型: "array"
删除非法 emote 项: christmas 类型: "array"
删除非法 emote 项: grandma 类型: "array"
删除非法 emote 项: talk 类型: "array"
删除非法 emote 项: nono 类型: "array"
删除非法 emote 项: hammer2 类型: "array"
删除非法 emote 项: hammer1 类型: "array"
删除非法 emote 项: notme 类型: "array"
删除非法 emote 项: df 类型: "array"
删除非法 emote 项: famours 类型: "array"
删除非法 emote 项: xu2 类型: "array"
删除非法 emote 项: xu1 类型: "array"
删除非法 emote 项: pkk 类型: "array"
删除非法 emote 项: sign2 类型: "array"
删除非法 emote 项: hero 类型: "array"
删除非法 emote 项: ben1 类型: "array"
删除非法 emote 项: sign1 类型: "array"
删除非法 emote 项: bright 类型: "array"
删除非法 emote 项: nono! 类型: "array"
删除非法 emote 项: dunno2 类型: "array"
删除非法 emote 项: sl3 类型: "array"
删除非法 emote 项: sl2 类型: "array"
删除非法 emote 项: cut 类型: "array"
删除非法 emote 项: pai1 类型: "array"
删除非法 emote 项: tan 类型: "array"
删除非法 emote 项: wizard 类型: "array"
删除非法 emote 项: here 类型: "array"
删除非法 emote 项: aunt 类型: "array"
删除非法 emote 项: cu 类型: "array"
删除非法 emote 项: myfault 类型: "array"
删除非法 emote 项: rain 类型: "array"
删除非法 emote 项: careful 类型: "array"
删除非法 emote 项: shajiabang1 类型: "array"
删除非法 emote 项: duck 类型: "array"
删除非法 emote 项: news 类型: "array"
删除非法 emote 项: oath 类型: "array"
删除非法 emote 项: anniversary 类型: "array"
删除非法 emote 项: young 类型: "array"
删除非法 emote 项: birth 类型: "array"
删除非法 emote 项: nome 类型: "array"
删除非法 emote 项: say1 类型: "array"
删除非法 emote 项: quan 类型: "array"
删除非法 emote 项: boat 类型: "array"
删除非法 emote 项: hug -p 类型: "array"
删除非法 emote 项: brag 类型: "array"
删除非法 emote 项: kan 类型: "array"
删除非法 emote 项: bx 类型: "array"
删除非法 emote 项: killair 类型: "array"
删除非法 emote 项: die2 类型: "array"
删除非法 emote 项: bt 类型: "array"
删除非法 emote 项: pk5 类型: "array"
删除非法 emote 项: knee 类型: "array"
删除非法 emote 项: pk4 类型: "array"
删除非法 emote 项: brother1 类型: "array"
删除非法 emote 项: pk3 类型: "array"
删除非法 emote 项: bp 类型: "array"
删除非法 emote 项: pk2 类型: "array"
删除非法 emote 项: pk1 类型: "array"
删除非法 emote 项: wa2 类型: "array"
删除非法 emote 项: raise 类型: "array"
删除非法 emote 项: nosilver 类型: "array"
删除非法 emote 项: lover 类型: "array"
删除非法 emote 项: bf 类型: "array"
删除非法 emote 项: hug5 类型: "array"
删除非法 emote 项: hug4 类型: "array"
删除非法 emote 项: trigger 类型: "array"
删除非法 emote 项: bb 类型: "array"
删除非法 emote 项: hug3 类型: "array"
删除非法 emote 项: soilder 类型: "array"
删除非法 emote 项: hug2 类型: "array"
删除非法 emote 项: tongxi 类型: "array"
删除非法 emote 项: hug1 类型: "array"
删除非法 emote 项: tellme 类型: "array"
删除非法 emote 项: poor3 类型: "array"
删除非法 emote 项: bao 类型: "array"
删除非法 emote 项: poor1 类型: "array"
删除非法 emote 项: freeze 类型: "array"
删除非法 emote 项: marriage 类型: "array"
删除非法 emote 项: cook 类型: "array"
删除非法 emote 项: zhen 类型: "array"
删除非法 emote 项: wrong3 类型: "array"
删除非法 emote 项: knife2 类型: "array"
删除非法 emote 项: bad 类型: "array"
删除非法 emote 项: wrong2 类型: "array"
删除非法 emote 项: knife1 类型: "array"
删除非法 emote 项: wrong1 类型: "array"
删除非法 emote 项: club2 类型: "array"
删除非法 emote 项: nolook1 类型: "array"
删除非法 emote 项: ao 类型: "array"
删除非法 emote 项: ai 类型: "array"
删除非法 emote 项: puke1 类型: "array"
删除非法 emote 项: sadlook 类型: "array"
删除非法 emote 项: sell 类型: "array"
删除非法 emote 项: mapi 类型: "array"
删除非法 emote 项: lick2 类型: "array"
删除非法 emote 项: dis 类型: "array"
删除非法 emote 项: rumor2 类型: "array"
删除非法 emote 项: river2 类型: "array"
删除非法 emote 项: rumor1 类型: "array"
删除非法 emote 项: wrong 类型: "array"
删除非法 emote 项: knife 类型: "array"
删除非法 emote 项: kao1 类型: "array"
删除非法 emote 项: kout 类型: "array"
删除非法 emote 项: drinks 类型: "array"
删除非法 emote 项: love4 类型: "array"
删除非法 emote 项: love3 类型: "array"
删除非法 emote 项: love2 类型: "array"
删除非法 emote 项: beauty1 类型: "array"
删除非法 emote 项: auctioneer 类型: "array"
删除非法 emote 项: protect 类型: "array"
删除非法 emote 项: afly 类型: "array"
删除非法 emote 项: pretty 类型: "array"
删除非法 emote 项: meet 类型: "array"
删除非法 emote 项: happy 类型: "array"
删除非法 emote 项: lala3 类型: "array"
删除非法 emote 项: lala2 类型: "array"
删除非法 emote 项: watermelon2 类型: "array"
删除非法 emote 项: watermelon1 类型: "array"
删除非法 emote 项: firsttime 类型: "array"
删除非法 emote 项: :).. 类型: "array"
删除非法 emote 项: rou 类型: "array"
删除非法 emote 项: notsee 类型: "array"
删除非法 emote 项: hide 类型: "array"
删除非法 emote 项: stingy 类型: "array"
删除非法 emote 项: rhero 类型: "array"
删除非法 emote 项: highhand 类型: "array"
删除非法 emote 项: pfm 类型: "array"
删除非法 emote 项: pfm3 类型: "array"
删除非法 emote 项: sfhit 类型: "array"
删除非法 emote 项: pfm2 类型: "array"
删除非法 emote 项: ai2 类型: "array"
删除非法 emote 项: taste 类型: "array"
删除非法 emote 项: drink2 类型: "array"
删除非法 emote 项: drink1 类型: "array"
删除非法 emote 项: 169 类型: "array"
删除非法 emote 项: shit 类型: "array"
删除非法 emote 项: rob 类型: "array"
删除非法 emote 项: miss3 类型: "array"
删除非法 emote 项: cold 类型: "array"
删除非法 emote 项: miss2 类型: "array"
删除非法 emote 项: admire3 类型: "array"
删除非法 emote 项: admire2 类型: "array"
删除非法 emote 项: xajh 类型: "array"
删除非法 emote 项: tong 类型: "array"
删除非法 emote 项: eye 类型: "array"
删除非法 emote 项: envy 类型: "array"
删除非法 emote 项: valentine 类型: "array"
删除非法 emote 项: history 类型: "array"
删除非法 emote 项: fadai 类型: "array"
删除非法 emote 项: sigh4 类型: "array"
删除非法 emote 项: sigh3 类型: "array"
删除非法 emote 项: good 类型: "array"
删除非法 emote 项: sigh1 类型: "array"
删除非法 emote 项: marry 类型: "array"
删除非法 emote 项: praisemapi 类型: "array"
删除非法 emote 项: helpme 类型: "array"
删除非法 emote 项: nocloth 类型: "array"
删除非法 emote 项: rules 类型: "array"
删除非法 emote 项: secret 类型: "array"
删除非法 emote 项: washff 类型: "array"
删除非法 emote 项: interest 类型: "array"
删除非法 emote 项: wuzhi 类型: "array"
删除非法 emote 项: getout 类型: "array"
删除非法 emote 项: nogo 类型: "array"
删除非法 emote 项: kissbye 类型: "array"
删除非法 emote 项: fast 类型: "array"
删除非法 emote 项: slapme2 类型: "array"
删除非法 emote 项: doufu 类型: "array"
删除非法 emote 项: lstory2 类型: "array"
删除非法 emote 项: goodkid 类型: "array"
删除非法 emote 项: nigu 类型: "array"
删除非法 emote 项: xu 类型: "array"
删除非法 emote 项: flying 类型: "array"
删除非法 emote 项: beg2 类型: "array"
删除非法 emote 项: glare 类型: "array"
删除非法 emote 项: whisper1 类型: "array"
删除非法 emote 项: surrend 类型: "array"
删除非法 emote 项: visit2 类型: "array"
删除非法 emote 项: heart 类型: "array"
删除非法 emote 项: coolcool 类型: "array"
删除非法 emote 项: paizi 类型: "array"
删除非法 emote 项: magic 类型: "array"
删除非法 emote 项: comfortable 类型: "array"
删除非法 emote 项: mapi2 类型: "array"
删除非法 emote 项: mapi1 类型: "array"
删除非法 emote 项: innocent 类型: "array"
删除非法 emote 项: push1 类型: "array"
删除非法 emote 项: drinkcup 类型: "array"
删除非法 emote 项: ogle 类型: "array"
删除非法 emote 项: wo 类型: "array"
删除非法 emote 项: 139 类型: "array"
删除非法 emote 项: wk 类型: "array"
删除非法 emote 项: auctioneer1 类型: "array"
删除非法 emote 项: bx1 类型: "array"
删除非法 emote 项: steal1 类型: "array"
删除非法 emote 项: beixin 类型: "array"
删除非法 emote 项: nosmile 类型: "array"
删除非法 emote 项: ep beauity 类型: "array"
删除非法 emote 项: kux 类型: "array"
删除非法 emote 项: nomore 类型: "array"
删除非法 emote 项: fly 类型: "array"
删除非法 emote 项: rabbit2 类型: "array"
删除非法 emote 项: ill 类型: "array"
删除非法 emote 项: lie2 类型: "array"
删除非法 emote 项: luonan 类型: "array"
删除非法 emote 项: idle3 类型: "array"
删除非法 emote 项: idle2 类型: "array"
删除非法 emote 项: idle1 类型: "array"
删除非法 emote 项: gold 类型: "array"
删除非法 emote 项: deadlove 类型: "array"
删除非法 emote 项: @@ 类型: "array"
删除非法 emote 项: congra 类型: "array"
删除非法 emote 项: what2 类型: "array"
删除非法 emote 项: wash 类型: "array"
删除非法 emote 项: lick 类型: "array"
删除非法 emote 项: zeze 类型: "array"
删除非法 emote 项: kick4 类型: "array"
删除非法 emote 项: kick2 类型: "array"
删除非法 emote 项: kick1 类型: "array"
删除非法 emote 项: regard 类型: "array"
删除非法 emote 项: heng1 类型: "array"
删除非法 emote 项: hungry 类型: "array"
删除非法 emote 项: sad 类型: "array"
删除非法 emote 项: xyao1 类型: "array"
删除非法 emote 项: bud 类型: "array"
删除非法 emote 项: busy 类型: "array"
删除非法 emote 项: !!! 类型: "array"
删除非法 emote 项: pai 类型: "array"
删除非法 emote 项: crash 类型: "array"
删除非法 emote 项: protect1 类型: "array"
删除非法 emote 项: comfort2 类型: "array"
删除非法 emote 项: comfort1 类型: "array"
删除非法 emote 项: solong 类型: "array"
删除非法 emote 项: poem 类型: "array"
删除非法 emote 项: ugly2 类型: "array"
删除非法 emote 项: dao1 类型: "array"
删除非法 emote 项: try 类型: "array"
删除非法 emote 项: 999 类型: "array"
删除非法 emote 项: drug 类型: "array"
删除非法 emote 项: pig1 类型: "array"
删除非法 emote 项: tang3 类型: "array"
删除非法 emote 项: tang2 类型: "array"
删除非法 emote 项: boss 类型: "array"
删除非法 emote 项: doubt 类型: "array"
删除非法 emote 项: gett 类型: "array"
删除非法 emote 项: slash 类型: "array"
删除非法 emote 项: noway 类型: "array"
删除非法 emote 项: corpse 类型: "array"
删除非法 emote 项: stuff 类型: "array"
删除非法 emote 项: peace1 类型: "array"
删除非法 emote 项: soup 类型: "array"
删除非法 emote 项: laugh1 类型: "array"
删除非法 emote 项: dam 类型: "array"
删除非法 emote 项: nod2 类型: "array"
删除非法 emote 项: soldier 类型: "array"
删除非法 emote 项: burn 类型: "array"
删除非法 emote 项: bear 类型: "array"
删除非法 emote 项: dad 类型: "array"
删除非法 emote 项: th 类型: "array"
删除非法 emote 项: shutup1 类型: "array"
删除非法 emote 项: tc 类型: "array"
删除非法 emote 项: prove2 类型: "array"
删除非法 emote 项: wenmang 类型: "array"
删除非法 emote 项: report 类型: "array"
删除非法 emote 项: xiongz 类型: "array"
删除非法 emote 项: lie 类型: "array"
删除非法 emote 项: xyao 类型: "array"
删除非法 emote 项: hippo 类型: "array"
删除非法 emote 项: stay 类型: "array"
删除非法 emote 项: shanzheng 类型: "array"
删除非法 emote 项: fang 类型: "array"
删除非法 emote 项: nouse 类型: "array"
删除非法 emote 项: wuwu 类型: "array"
删除非法 emote 项: bore 类型: "array"
删除非法 emote 项: sl 类型: "array"
删除非法 emote 项: river 类型: "array"
删除非法 emote 项: bt1 类型: "array"
删除非法 emote 项: show1 类型: "array"
删除非法 emote 项: clear 类型: "array"
删除非法 emote 项: monk 类型: "array"
删除非法 emote 项: dam2 类型: "array"
删除非法 emote 项: zisha1 类型: "array"
删除非法 emote 项: shout 类型: "array"
删除非法 emote 项: howl 类型: "array"
删除非法 emote 项: cid 类型: "array"
删除非法 emote 项: catch 类型: "array"
删除非法 emote 项: maimai 类型: "array"
删除非法 emote 项: mouse2 类型: "array"
删除非法 emote 项: lasa 类型: "array"
删除非法 emote 项: shamo 类型: "array"
删除非法 emote 项: ketou2 类型: "array"
删除非法 emote 项: heart1 类型: "array"
删除非法 emote 项: ketou1 类型: "array"
删除非法 emote 项: joycup 类型: "array"
删除非法 emote 项: fightfly 类型: "array"
删除非法 emote 项: drinkcup2 类型: "array"
删除非法 emote 项: drinkcup1 类型: "array"
删除非法 emote 项: prove 类型: "array"
删除非法 emote 项: grpfight 类型: "array"
删除非法 emote 项: kokbye 类型: "array"
删除非法 emote 项: sister1 类型: "array"
删除非法 emote 项: makeup 类型: "array"
删除非法 emote 项: massage 类型: "array"
删除非法 emote 项: seal 类型: "array"
删除非法 emote 项: newemote 类型: "array"
删除非法 emote 项: sure 类型: "array"
删除非法 emote 项: want 类型: "array"
删除非法 emote 项: lstory 类型: "array"
删除非法 emote 项: thumb 类型: "array"
删除非法 emote 项: sports 类型: "array"
删除非法 emote 项: oath2 类型: "array"
删除非法 emote 项: drops 类型: "array"
删除非法 emote 项: flirt1 类型: "array"
删除非法 emote 项: flatter 类型: "array"
删除非法 emote 项: loveshoe 类型: "array"
删除非法 emote 项: zhua 类型: "array"
删除非法 emote 项: fight2 类型: "array"
删除非法 emote 项: nocry 类型: "array"
删除非法 emote 项: fight1 类型: "array"
删除非法 emote 项: support1 类型: "array"
删除非法 emote 项: not 类型: "array"
删除非法 emote 项: diuren 类型: "array"
删除非法 emote 项: bonus 类型: "array"
删除非法 emote 项: ak47 类型: "array"
删除非法 emote 项: kok 类型: "array"
删除非法 emote 项: meeting 类型: "array"
删除非法 emote 项: sha1 类型: "array"
删除非法 emote 项: qshake 类型: "array"
删除非法 emote 项: amarry 类型: "array"
删除非法 emote 项: hello1 类型: "array"
删除非法 emote 项: hmm2 类型: "array"
删除非法 emote 项: kok1 类型: "array"
删除非法 emote 项: gift 类型: "array"
删除非法 emote 项: quick 类型: "array"
删除非法 emote 项: pk 类型: "array"
删除非法 emote 项: slap3 类型: "array"
删除非法 emote 项: fadai2 类型: "array"
删除非法 emote 项: slap2 类型: "array"
删除非法 emote 项: pa 类型: "array"
删除非法 emote 项: drunk 类型: "array"
删除非法 emote 项: luchi 类型: "array"
删除非法 emote 项: uncle 类型: "array"
删除非法 emote 项: birthday 类型: "array"
删除非法 emote 项: lazy2 类型: "array"
删除非法 emote 项: boni 类型: "array"
删除非法 emote 项: claw 类型: "array"
删除非法 emote 项: papapa 类型: "array"
删除非法 emote 项: 18age 类型: "array"
删除非法 emote 项: shzi 类型: "array"
删除非法 emote 项: rabbit 类型: "array"
删除非法 emote 项: newyear 类型: "array"
删除非法 emote 项: qmarry2 类型: "array"
删除非法 emote 项: bye2 类型: "array"
删除非法 emote 项: qmarry1 类型: "array"
删除非法 emote 项: bye1 类型: "array"
删除非法 emote 项: letter 类型: "array"
删除非法 emote 项: bp1 类型: "array"
删除非法 emote 项: o 类型: "array"
删除非法 emote 项: fire 类型: "array"
删除非法 emote 项: joul 类型: "array"
删除非法 emote 项: homework 类型: "array"
删除非法 emote 项: road 类型: "array"
删除非法 emote 项: countscar 类型: "array"
删除非法 emote 项: walkby 类型: "array"
删除非法 emote 项: a 类型: "array"
删除非法 emote 项: fixed 类型: "array"
删除非法 emote 项: pat1 类型: "array"
删除非法 emote 项: rob3 类型: "array"
删除非法 emote 项: rob2 类型: "array"
删除非法 emote 项: rob1 类型: "array"
删除非法 emote 项: what 类型: "array"
删除非法 emote 项: shameless2 类型: "array"
删除非法 emote 项: shameless1 类型: "array"
删除非法 emote 项: wuliao 类型: "array"
删除非法 emote 项: liang 类型: "array"
删除非法 emote 项: follow2 类型: "array"
删除非法 emote 项: poem4 类型: "array"
删除非法 emote 项: no 类型: "array"
删除非法 emote 项: poem3 类型: "array"
删除非法 emote 项: follow1 类型: "array"
删除非法 emote 项: lcy 类型: "array"
删除非法 emote 项: poem2 类型: "array"
删除非法 emote 项: poem1 类型: "array"
删除非法 emote 项: chaxie 类型: "array"
删除非法 emote 项: killwiz 类型: "array"
删除非法 emote 项: football2 类型: "array"
删除非法 emote 项: football1 类型: "array"
删除非法 emote 项: sue 类型: "array"
删除非法 emote 项: 169call 类型: "array"
删除非法 emote 项: xbc 类型: "array"
删除非法 emote 项: baixi 类型: "array"
删除非法 emote 项: fool2 类型: "array"
删除非法 emote 项: tlbb 类型: "array"
删除非法 emote 项: friend 类型: "array"
删除非法 emote 项: bpapa 类型: "array"
删除非法 emote 项: dangzhen 类型: "array"
删除非法 emote 项: buddhi 类型: "array"
删除非法 emote 项: done 类型: "array"
删除非法 emote 项: zhuyi 类型: "array"
删除非法 emote 项: wanfu 类型: "array"
删除非法 emote 项: disapp1 类型: "array"
删除非法 emote 项: kiss8 类型: "array"
删除非法 emote 项: jun 类型: "array"
删除非法 emote 项: kiss6 类型: "array"
删除非法 emote 项: heister 类型: "array"
删除非法 emote 项: courage1 类型: "array"
删除非法 emote 项: kiss5 类型: "array"
删除非法 emote 项: kiss4 类型: "array"
删除非法 emote 项: jyin 类型: "array"
删除非法 emote 项: badf 类型: "array"
删除非法 emote 项: taoyan 类型: "array"
删除非法 emote 项: pei1 类型: "array"
删除非法 emote 项: admit 类型: "array"
删除非法 emote 项: kiss1 类型: "array"
删除非法 emote 项: west2 类型: "array"
删除非法 emote 项: west1 类型: "array"
删除非法 emote 项: daxia 类型: "array"
删除非法 emote 项: gun 类型: "array"
删除非法 emote 项: cat2 类型: "array"
删除非法 emote 项: me 类型: "array"
删除非法 emote 项: cat1 类型: "array"
删除非法 emote 项: foot 类型: "array"
删除非法 emote 项: water 类型: "array"
删除非法 emote 项: lian2 类型: "array"
删除非法 emote 项: ma 类型: "array"
删除非法 emote 项: choupai 类型: "array"
删除非法 emote 项: mouse 类型: "array"
删除非法 emote 项: ghostlove 类型: "array"
删除非法 emote 项: gua 类型: "array"
删除非法 emote 项: qfly 类型: "array"
删除非法 emote 项: lama 类型: "array"
删除非法 emote 项: flop 类型: "array"
删除非法 emote 项: wait 类型: "array"
删除非法 emote 项: slapsb 类型: "array"
删除非法 emote 项: li 类型: "array"
