99.03.14 13:45 B f:\mirror1\d\wudang\bolin.c --> www1.yn.cninfo.net /mudcctx/mudlib/d/wudang bolin.c
99.03.14 13:45 B f:\mirror1\d\wudang\cangjingge.c --> www1.yn.cninfo.net /mudcctx/mudlib/d/wudang cangjingge.c
99.03.14 13:45 B f:\mirror1\d\wudang\cedian.c --> www1.yn.cninfo.net /mudcctx/mudlib/d/wudang cedian.c
99.03.14 13:45 B f:\mirror1\d\wudang\chaotian.c --> www1.yn.cninfo.net /mudcctx/mudlib/d/wudang chaotian.c
99.03.14 13:45 B f:\mirror1\d\wudang\chashi.c --> www1.yn.cninfo.net /mudcctx/mudlib/d/wudang chashi.c
99.03.14 13:45 B f:\mirror1\d\wudang\chashi1.c --> www1.yn.cninfo.net /mudcctx/mudlib/d/wudang chashi1.c
99.03.14 13:45 B f:\mirror1\d\wudang\chashi2.c --> www1.yn.cninfo.net /mudcctx/mudlib/d/wudang chashi2.c
99.03.14 13:45 B f:\mirror1\d\wudang\donglang1.c --> www1.yn.cninfo.net /mudcctx/mudlib/d/wudang donglang1.c
99.03.14 13:45 B f:\mirror1\d\wudang\donglang2.c --> www1.yn.cninfo.net /mudcctx/mudlib/d/wudang donglang2.c
99.03.14 13:45 B f:\mirror1\d\wudang\feng.h --> www1.yn.cninfo.net /mudcctx/mudlib/d/wudang feng.h
99.03.14 13:45 B f:\mirror1\d\wudang\fuzhen1.c --> www1.yn.cninfo.net /mudcctx/mudlib/d/wudang fuzhen1.c
99.03.14 13:45 B f:\mirror1\d\wudang\fuzhen2.c --> www1.yn.cninfo.net /mudcctx/mudlib/d/wudang fuzhen2.c
99.03.14 13:45 B f:\mirror1\d\wudang\fuzhen3.c --> www1.yn.cninfo.net /mudcctx/mudlib/d/wudang fuzhen3.c
99.03.14 13:45 B f:\mirror1\d\wudang\fuzhen4.c --> www1.yn.cninfo.net /mudcctx/mudlib/d/wudang fuzhen4.c
99.03.14 13:45 B f:\mirror1\d\wudang\fuzhen5.c --> www1.yn.cninfo.net /mudcctx/mudlib/d/wudang fuzhen5.c
99.03.14 13:45 B f:\mirror1\d\wudang\guangchang.c --> www1.yn.cninfo.net /mudcctx/mudlib/d/wudang guangchang.c
99.03.14 13:45 B f:\mirror1\d\wudang\haohan.c --> www1.yn.cninfo.net /mudcctx/mudlib/d/wudang haohan.c
99.03.14 13:45 B f:\mirror1\d\wudang\houmen.c --> www1.yn.cninfo.net /mudcctx/mudlib/d/wudang houmen.c
99.03.14 13:45 B f:\mirror1\d\wudang\houshan.c --> www1.yn.cninfo.net /mudcctx/mudlib/d/wudang houshan.c
99.03.14 13:45 B f:\mirror1\d\wudang\houshan1.c --> www1.yn.cninfo.net /mudcctx/mudlib/d/wudang houshan1.c
99.03.14 13:45 B f:\mirror1\d\wudang\houshan2.c --> www1.yn.cninfo.net /mudcctx/mudlib/d/wudang houshan2.c
99.03.14 13:45 B f:\mirror1\d\wudang\houshan3.c --> www1.yn.cninfo.net /mudcctx/mudlib/d/wudang houshan3.c
99.03.14 13:45 B f:\mirror1\d\wudang\houyuan.c --> www1.yn.cninfo.net /mudcctx/mudlib/d/wudang houyuan.c
99.03.14 13:45 B f:\mirror1\d\wudang\huayuan.c --> www1.yn.cninfo.net /mudcctx/mudlib/d/wudang huayuan.c
99.03.14 13:45 B f:\mirror1\d\wudang\hutou.c --> www1.yn.cninfo.net /mudcctx/mudlib/d/wudang hutou.c
99.03.14 13:45 B f:\mirror1\d\wudang\lameigt.c --> www1.yn.cninfo.net /mudcctx/mudlib/d/wudang lameigt.c
99.03.14 13:46 B f:\mirror1\d\wudang\langmei.c --> www1.yn.cninfo.net /mudcctx/mudlib/d/wudang langmei.c
99.03.14 13:46 B f:\mirror1\d\wudang\lgfang1.c --> www1.yn.cninfo.net /mudcctx/mudlib/d/wudang lgfang1.c
99.03.14 13:46 B f:\mirror1\d\wudang\lgfang2.c --> www1.yn.cninfo.net /mudcctx/mudlib/d/wudang lgfang2.c
99.03.14 13:46 B f:\mirror1\d\wudang\lgfang3.c --> www1.yn.cninfo.net /mudcctx/mudlib/d/wudang lgfang3.c
99.03.14 13:46 B f:\mirror1\d\wudang\liangongfang.c --> www1.yn.cninfo.net /mudcctx/mudlib/d/wudang liangongfang.c
99.03.14 13:46 B f:\mirror1\d\wudang\liantai.c --> www1.yn.cninfo.net /mudcctx/mudlib/d/wudang liantai.c
99.03.14 13:46 B f:\mirror1\d\wudang\nanyan.c --> www1.yn.cninfo.net /mudcctx/mudlib/d/wudang nanyan.c
99.03.14 13:46 B f:\mirror1\d\wudang\sanlao.c --> www1.yn.cninfo.net /mudcctx/mudlib/d/wudang sanlao.c
99.03.14 13:46 B f:\mirror1\d\wudang\sanqingdian.c --> www1.yn.cninfo.net /mudcctx/mudlib/d/wudang sanqingdian.c
99.03.14 13:46 B f:\mirror1\d\wudang\santian.c --> www1.yn.cninfo.net /mudcctx/mudlib/d/wudang santian.c
99.03.14 13:46 B f:\mirror1\d\wudang\shanmen.c --> www1.yn.cninfo.net /mudcctx/mudlib/d/wudang shanmen.c
99.03.14 13:46 B f:\mirror1\d\wudang\shesheng.c --> www1.yn.cninfo.net /mudcctx/mudlib/d/wudang shesheng.c
99.03.14 13:46 B f:\mirror1\d\wudang\shibapan.c --> www1.yn.cninfo.net /mudcctx/mudlib/d/wudang shibapan.c
99.03.14 13:46 B f:\mirror1\d\wudang\shijie11.c --> www1.yn.cninfo.net /mudcctx/mudlib/d/wudang shijie11.c
99.03.14 13:46 B f:\mirror1\d\wudang\shijie12.c --> www1.yn.cninfo.net /mudcctx/mudlib/d/wudang shijie12.c
99.03.14 13:46 B f:\mirror1\d\wudang\shijie21.c --> www1.yn.cninfo.net /mudcctx/mudlib/d/wudang shijie21.c
99.03.14 13:46 B f:\mirror1\d\wudang\shijie22.c --> www1.yn.cninfo.net /mudcctx/mudlib/d/wudang shijie22.c
99.03.14 13:46 B f:\mirror1\d\wudang\shijie31.c --> www1.yn.cninfo.net /mudcctx/mudlib/d/wudang shijie31.c
99.03.14 13:46 B f:\mirror1\d\wudang\shijie32.c --> www1.yn.cninfo.net /mudcctx/mudlib/d/wudang shijie32.c
99.03.14 13:46 B f:\mirror1\d\wudang\shijie42.c --> www1.yn.cninfo.net /mudcctx/mudlib/d/wudang shijie42.c
99.03.14 13:46 B f:\mirror1\d\wudang\shijie5.c --> www1.yn.cninfo.net /mudcctx/mudlib/d/wudang shijie5.c
99.03.14 13:46 B f:\mirror1\d\wudang\shijie61.c --> www1.yn.cninfo.net /mudcctx/mudlib/d/wudang shijie61.c
99.03.14 13:46 B f:\mirror1\d\wudang\shijie62.c --> www1.yn.cninfo.net /mudcctx/mudlib/d/wudang shijie62.c
99.03.14 13:46 B f:\mirror1\d\wudang\shijie7.c --> www1.yn.cninfo.net /mudcctx/mudlib/d/wudang shijie7.c
99.03.14 13:46 B f:\mirror1\d\wudang\shilang.c --> www1.yn.cninfo.net /mudcctx/mudlib/d/wudang shilang.c
99.03.14 13:46 B f:\mirror1\d\wudang\shiliang.c --> www1.yn.cninfo.net /mudcctx/mudlib/d/wudang shiliang.c
99.03.14 13:46 B f:\mirror1\d\wudang\shuijing.c --> www1.yn.cninfo.net /mudcctx/mudlib/d/wudang shuijing.c
99.03.14 13:46 B f:\mirror1\d\wudang\taiziyan.c --> www1.yn.cninfo.net /mudcctx/mudlib/d/wudang taiziyan.c
99.03.14 13:46 B f:\mirror1\d\wudang\temp.c --> www1.yn.cninfo.net /mudcctx/mudlib/d/wudang temp.c
99.03.14 13:46 B f:\mirror1\d\wudang\temp1.c --> www1.yn.cninfo.net /mudcctx/mudlib/d/wudang temp1.c
99.03.14 13:46 B f:\mirror1\d\wudang\tianzhu.c --> www1.yn.cninfo.net /mudcctx/mudlib/d/wudang tianzhu.c
99.03.14 13:46 B f:\mirror1\d\wudang\tufeiwo1.c --> www1.yn.cninfo.net /mudcctx/mudlib/d/wudang tufeiwo1.c
99.03.14 13:46 B f:\mirror1\d\wudang\tufeiwo2.c --> www1.yn.cninfo.net /mudcctx/mudlib/d/wudang tufeiwo2.c
99.03.14 13:46 B f:\mirror1\d\wudang\tufeiwo3.c --> www1.yn.cninfo.net /mudcctx/mudlib/d/wudang tufeiwo3.c
99.03.14 13:46 B f:\mirror1\d\wudang\tygate1.c --> www1.yn.cninfo.net /mudcctx/mudlib/d/wudang tygate1.c
99.03.14 13:46 B f:\mirror1\d\wudang\tygate2.c --> www1.yn.cninfo.net /mudcctx/mudlib/d/wudang tygate2.c
99.03.14 13:46 B f:\mirror1\d\wudang\tynroad.c --> www1.yn.cninfo.net /mudcctx/mudlib/d/wudang tynroad.c
99.03.14 13:46 B f:\mirror1\d\wudang\tyroad1.c --> www1.yn.cninfo.net /mudcctx/mudlib/d/wudang tyroad1.c
99.03.14 13:46 B f:\mirror1\d\wudang\tyroad10.c --> www1.yn.cninfo.net /mudcctx/mudlib/d/wudang tyroad10.c
99.03.14 13:46 B f:\mirror1\d\wudang\tyroad11.c --> www1.yn.cninfo.net /mudcctx/mudlib/d/wudang tyroad11.c
99.03.14 13:46 B f:\mirror1\d\wudang\tyroad12.c --> www1.yn.cninfo.net /mudcctx/mudlib/d/wudang tyroad12.c
99.03.14 13:46 B f:\mirror1\d\wudang\tyroad2.c --> www1.yn.cninfo.net /mudcctx/mudlib/d/wudang tyroad2.c
99.03.14 13:46 B f:\mirror1\d\wudang\tyroad3.c --> www1.yn.cninfo.net /mudcctx/mudlib/d/wudang tyroad3.c
99.03.14 13:46 B f:\mirror1\d\wudang\tyroad4.c --> www1.yn.cninfo.net /mudcctx/mudlib/d/wudang tyroad4.c
99.03.14 13:46 B f:\mirror1\d\wudang\tyroad5.c --> www1.yn.cninfo.net /mudcctx/mudlib/d/wudang tyroad5.c
99.03.14 13:46 B f:\mirror1\d\wudang\tyroad6.c --> www1.yn.cninfo.net /mudcctx/mudlib/d/wudang tyroad6.c
99.03.14 13:46 B f:\mirror1\d\wudang\tyroad7.c --> www1.yn.cninfo.net /mudcctx/mudlib/d/wudang tyroad7.c
99.03.14 13:46 B f:\mirror1\d\wudang\tyroad8.c --> www1.yn.cninfo.net /mudcctx/mudlib/d/wudang tyroad8.c
99.03.14 13:46 B f:\mirror1\d\wudang\tyroad9.c --> www1.yn.cninfo.net /mudcctx/mudlib/d/wudang tyroad9.c
99.03.14 13:46 B f:\mirror1\d\wudang\tyroadct.c --> www1.yn.cninfo.net /mudcctx/mudlib/d/wudang tyroadct.c
99.03.14 13:46 B f:\mirror1\d\wudang\tysroad.c --> www1.yn.cninfo.net /mudcctx/mudlib/d/wudang tysroad.c
99.03.14 13:46 B f:\mirror1\d\wudang\wdroad2.c --> www1.yn.cninfo.net /mudcctx/mudlib/d/wudang wdroad2.c
99.03.14 13:46 B f:\mirror1\d\wudang\wdroad3.c --> www1.yn.cninfo.net /mudcctx/mudlib/d/wudang wdroad3.c
99.03.14 13:46 B f:\mirror1\d\wudang\wdroad4.c --> www1.yn.cninfo.net /mudcctx/mudlib/d/wudang wdroad4.c
99.03.14 13:46 B f:\mirror1\d\wudang\wdroad5.c --> www1.yn.cninfo.net /mudcctx/mudlib/d/wudang wdroad5.c
99.03.14 13:46 B f:\mirror1\d\wudang\wdroad6.c --> www1.yn.cninfo.net /mudcctx/mudlib/d/wudang wdroad6.c
99.03.14 13:46 B f:\mirror1\d\wudang\wdroad7.c --> www1.yn.cninfo.net /mudcctx/mudlib/d/wudang wdroad7.c
99.03.14 13:46 B f:\mirror1\d\wudang\wdroad8.c --> www1.yn.cninfo.net /mudcctx/mudlib/d/wudang wdroad8.c
99.03.14 13:46 B f:\mirror1\d\wudang\wdxiaolu.c --> www1.yn.cninfo.net /mudcctx/mudlib/d/wudang wdxiaolu.c
99.03.14 13:46 B f:\mirror1\d\wudang\wdxiaolu1.c --> www1.yn.cninfo.net /mudcctx/mudlib/d/wudang wdxiaolu1.c
99.03.14 13:46 B f:\mirror1\d\wudang\wulao.c --> www1.yn.cninfo.net /mudcctx/mudlib/d/wudang wulao.c
99.03.14 13:46 B f:\mirror1\d\wudang\wuyalin.c --> www1.yn.cninfo.net /mudcctx/mudlib/d/wudang wuyalin.c
99.03.14 13:46 B f:\mirror1\d\wudang\xiaochidian.c --> www1.yn.cninfo.net /mudcctx/mudlib/d/wudang xiaochidian.c
99.03.14 13:46 B f:\mirror1\d\wudang\xiaolu1.c --> www1.yn.cninfo.net /mudcctx/mudlib/d/wudang xiaolu1.c
99.03.14 13:46 B f:\mirror1\d\wudang\xiaolu2.c --> www1.yn.cninfo.net /mudcctx/mudlib/d/wudang xiaolu2.c
99.03.14 13:46 B f:\mirror1\d\wudang\xiaolu4.c --> www1.yn.cninfo.net /mudcctx/mudlib/d/wudang xiaolu4.c
99.03.14 13:46 B f:\mirror1\d\wudang\xiaoyuan.c --> www1.yn.cninfo.net /mudcctx/mudlib/d/wudang xiaoyuan.c
99.03.14 13:46 B f:\mirror1\d\wudang\xilang.c --> www1.yn.cninfo.net /mudcctx/mudlib/d/wudang xilang.c
99.03.14 13:46 B f:\mirror1\d\wudang\xilang1.c --> www1.yn.cninfo.net /mudcctx/mudlib/d/wudang xilang1.c
99.03.14 13:46 B f:\mirror1\d\wudang\xiuxishi.c --> www1.yn.cninfo.net /mudcctx/mudlib/d/wudang xiuxishi.c
99.03.14 13:46 B f:\mirror1\d\wudang\xiuxishi1.c --> www1.yn.cninfo.net /mudcctx/mudlib/d/wudang xiuxishi1.c
99.03.14 13:46 B f:\mirror1\d\wudang\xuanwumen.c --> www1.yn.cninfo.net /mudcctx/mudlib/d/wudang xuanwumen.c
99.03.14 13:46 B f:\mirror1\d\wudang\youdian.c --> www1.yn.cninfo.net /mudcctx/mudlib/d/wudang youdian.c
99.03.14 13:46 B f:\mirror1\d\wudang\youfang.c --> www1.yn.cninfo.net /mudcctx/mudlib/d/wudang youfang.c
99.03.14 13:46 B f:\mirror1\d\wudang\yuzheng.c --> www1.yn.cninfo.net /mudcctx/mudlib/d/wudang yuzheng.c
99.03.14 13:46 B f:\mirror1\d\wudang\zhangsanfeng.c --> www1.yn.cninfo.net /mudcctx/mudlib/d/wudang zhangsanfeng.c
99.03.14 13:46 B f:\mirror1\d\wudang\zhendian.c --> www1.yn.cninfo.net /mudcctx/mudlib/d/wudang zhendian.c
99.03.14 13:46 B f:\mirror1\d\wudang\zijincheng.c --> www1.yn.cninfo.net /mudcctx/mudlib/d/wudang zijincheng.c
99.03.14 13:46 B f:\mirror1\d\wudang\zixiaogong.c --> www1.yn.cninfo.net /mudcctx/mudlib/d/wudang zixiaogong.c
99.03.14 13:46 B f:\mirror1\d\wudang\zoulang.c --> www1.yn.cninfo.net /mudcctx/mudlib/d/wudang zoulang.c
99.03.14 13:46 B f:\mirror1\d\wudang\zoulang1.c --> www1.yn.cninfo.net /mudcctx/mudlib/d/wudang zoulang1.c
99.03.14 13:46 B f:\mirror1\d\wudang\zoulang2.c --> www1.yn.cninfo.net /mudcctx/mudlib/d/wudang zoulang2.c
99.03.14 13:46 B f:\mirror1\d\wudang\zuodian.c --> www1.yn.cninfo.net /mudcctx/mudlib/d/wudang zuodian.c
99.03.14 13:46 B f:\mirror1\d\wudang\zuofang.c --> www1.yn.cninfo.net /mudcctx/mudlib/d/wudang zuofang.c
